2026-05-18 18:07:27,220 - INFO - --- ЗАПУСК ТЕСТА ЗАДАЧИ №2 ---
2026-05-18 18:07:27,221 - INFO - Инициализация класса RetailAnalytics.
2026-05-18 18:07:27,249 - INFO - --- Валидация успешна: пустых ID и отрицательных значений не обнаружено! ---
2026-05-18 18:07:27,249 - INFO - --- Данные загружены. Всего строк: 10000 ---
2026-05-18 18:07:27,266 - INFO - --- Очистка завершена. Удалено строк: 0 ---
2026-05-18 18:07:27,274 - INFO - --- ЗАПУСК ПОЛНОГО PIPELINE (ЗАДАЧА №3) ---
2026-05-18 18:07:27,274 - INFO - Инициализация класса RetailAnalytics.
2026-05-18 18:07:27,301 - INFO - --- Валидация успешна: пустых ID и отрицательных значений не обнаружено! ---
2026-05-18 18:07:27,301 - INFO - --- Данные загружены. Всего строк: 10000 ---
2026-05-18 18:07:27,318 - INFO - --- Очистка завершена. Удалено строк: 0 ---
2026-05-18 18:07:27,318 - INFO - --- 3. Запуск Feature Engineering... ---
2026-05-18 18:07:27,320 - INFO - Добавлены новые метрики: 'client_value' и 'client_risk'
2026-05-18 18:07:27,320 - INFO - Фильтрация клиентов по порогу ценности >= 150000
2026-05-18 18:07:27,322 - INFO - --- 4. Фильтрация: Осталось VIP-клиентов: 5758 ---
2026-05-18 18:07:27,380 - INFO - --- 5. Результаты успешно экспортированы в файл: final_vip_report.csv ---
2026-05-18 18:07:27,380 - INFO - --- ЗАПУСК ТЕСТА ЗАДАЧИ №4 (ПАТТЕРН СТРАТЕГИЯ) ---
2026-05-18 18:07:27,380 - INFO - --- ЗАПУСК ТЕСТА ЗАДАЧИ №5 (ПАТТЕРН ФАБРИКА) ---
2026-05-18 18:07:27,380 - INFO - --- ЗАПУСК ТЕСТА ЗАДАЧИ №6 (КЭШИРОВАНИЕ) ---
2026-05-18 18:07:27,380 - INFO - --- ЗАПУСК ТЕСТА ЗАДАЧИ №8 (КОНФИГУРАЦИЯ) ---
2026-05-18 18:07:27,380 - INFO - --- ЗАПУСК ТЕСТА ЗАДАЧИ №9 (ВАЛИДАЦИЯ ДАННЫХ) ---
2026-05-18 18:07:27,381 - INFO - Инициализация класса RetailAnalytics.
2026-05-18 18:07:27,381 - INFO - === ЗАПУСК ФИНАЛЬНОЙ АРХИТЕКТУРНОЙ СИСТЕМЫ (ЗАДАЧА №10) ===
2026-05-18 18:07:27,409 - INFO - --- Валидация успешна: пустых ID и отрицательных значений не обнаружено! ---
2026-05-18 18:07:27,409 - INFO - --- Данные загружены. Всего строк: 10000 ---
2026-05-18 18:07:27,425 - INFO - --- Очистка завершена. Удалено строк: 0 ---
2026-05-18 18:07:27,425 - INFO - Генерация ООП-объектов клиентов через ClientFactory...
2026-05-18 18:07:27,609 - INFO - Применение аналитических стратегий оценки...
2026-05-18 18:07:27,611 - INFO - --- 3. Запуск Feature Engineering... ---
2026-05-18 18:07:27,612 - INFO - Добавлены новые метрики: 'client_value' и 'client_risk'
2026-05-18 18:07:27,612 - INFO - Фильтрация клиентов по порогу ценности >= 150000
2026-05-18 18:07:27,613 - INFO - --- 4. Фильтрация: Осталось VIP-клиентов: 5758 ---
2026-05-18 18:07:27,668 - INFO - --- 5. Результаты успешно экспортированы в файл: final_production_report.csv ---
